[ 2014-10-13T10:43:13+08:00 ] /ak911/ | ERR: (ThinkException) ÓÉÓÚÄ¿±ê¼ÆËã»ú»ý¼«¾Ü¾ø£¬ÎÞ·¨Á¬½Ó¡£

[ 2014-10-13T10:43:32+08:00 ] /ak911/index.php/Public/login | INFO: Tag[ route_check ] --START--
[ 2014-10-13T10:43:32+08:00 ] /ak911/index.php/Public/login | INFO: Run CheckRoute Behavior [ RunTime:0.001340s ]
[ 2014-10-13T10:43:32+08:00 ] /ak911/index.php/Public/login | INFO: Tag[ route_check ] --END-- [ RunTime:0.001510s ]
[ 2014-10-13T10:43:32+08:00 ] /ak911/index.php/Public/login | INFO: Tag[ app_begin ] --START--
[ 2014-10-13T10:43:32+08:00 ] /ak911/index.php/Public/login | INFO: Run ReadHtmlCache Behavior [ RunTime:0.001284s ]
[ 2014-10-13T10:43:32+08:00 ] /ak911/index.php/Public/login | INFO: Tag[ app_begin ] --END-- [ RunTime:0.001446s ]
[ 2014-10-13T10:43:32+08:00 ] /ak911/index.php/Public/login | NOTIC: [8] Undefined variable: post CommonAction.class.php ç¬¬ 152 è¡Œ.
[ 2014-10-13T10:43:32+08:00 ] /ak911/index.php/Public/login | NOTIC: [2] Invalid argument supplied for foreach() CommonAction.class.php ç¬¬ 152 è¡Œ.
[ 2014-10-13T10:43:32+08:00 ] /ak911/index.php/Public/login | NOTIC: [8192] Function eregi() is deprecated CommonAction.class.php ç¬¬ 160 è¡Œ.
[ 2014-10-13T10:43:32+08:00 ] /ak911/index.php/Public/login | NOTIC: [2] eregi() expects parameter 2 to be string, array given CommonAction.class.php ç¬¬ 160 è¡Œ.
[ 2014-10-13T10:43:32+08:00 ] /ak911/index.php/Public/login | INFO: Tag[ view_template ] --START--
[ 2014-10-13T10:43:32+08:00 ] /ak911/index.php/Public/login | INFO: Run LocationTemplate Behavior [ RunTime:0.001723s ]
[ 2014-10-13T10:43:32+08:00 ] /ak911/index.php/Public/login | INFO: Tag[ view_template ] --END-- [ RunTime:0.001885s ]
[ 2014-10-13T10:43:32+08:00 ] /ak911/index.php/Public/login | INFO: Tag[ view_parse ] --START--
[ 2014-10-13T10:43:32+08:00 ] /ak911/index.php/Public/login | INFO: Run ParseTemplate Behavior [ RunTime:0.057017s ]
[ 2014-10-13T10:43:32+08:00 ] /ak911/index.php/Public/login | INFO: Tag[ view_parse ] --END-- [ RunTime:0.057166s ]
[ 2014-10-13T10:43:32+08:00 ] /ak911/index.php/Public/login | INFO: Tag[ view_filter ] --START--
[ 2014-10-13T10:43:32+08:00 ] /ak911/index.php/Public/login | INFO: Run ContentReplace Behavior [ RunTime:0.000581s ]
[ 2014-10-13T10:43:32+08:00 ] /ak911/index.php/Public/login | INFO: Run TokenBuild Behavior [ RunTime:0.000618s ]
[ 2014-10-13T10:43:32+08:00 ] /ak911/index.php/Public/login | INFO: Run WriteHtmlCache Behavior [ RunTime:0.000468s ]
[ 2014-10-13T10:43:32+08:00 ] /ak911/index.php/Public/login | INFO: Run ShowRuntime Behavior [ RunTime:0.000654s ]
[ 2014-10-13T10:43:32+08:00 ] /ak911/index.php/Public/login | INFO: Tag[ view_filter ] --END-- [ RunTime:0.002533s ]
[ 2014-10-13T10:43:32+08:00 ] /ak911/index.php/Public/login | INFO: Tag[ view_end ] --START--
[ 2014-10-13T10:43:32+08:00 ] /ak911/index.php/Public/login | INFO: Run ShowPageTrace Behavior [ RunTime:0.000562s ]
[ 2014-10-13T10:43:32+08:00 ] /ak911/index.php/Public/login | INFO: Tag[ view_end ] --END-- [ RunTime:0.000628s ]
[ 2014-10-13T10:43:33+08:00 ] /ak911/index.php/Public/verify/ | INFO: Tag[ route_check ] --START--
[ 2014-10-13T10:43:33+08:00 ] /ak911/index.php/Public/verify/ | INFO: Run CheckRoute Behavior [ RunTime:0.001260s ]
[ 2014-10-13T10:43:33+08:00 ] /ak911/index.php/Public/verify/ | INFO: Tag[ route_check ] --END-- [ RunTime:0.001405s ]
[ 2014-10-13T10:43:33+08:00 ] /ak911/index.php/Public/verify/ | INFO: Tag[ app_begin ] --START--
[ 2014-10-13T10:43:33+08:00 ] /ak911/index.php/Public/verify/ | INFO: Run ReadHtmlCache Behavior [ RunTime:0.000989s ]
[ 2014-10-13T10:43:33+08:00 ] /ak911/index.php/Public/verify/ | INFO: Tag[ app_begin ] --END-- [ RunTime:0.001130s ]
[ 2014-10-13T10:43:33+08:00 ] /ak911/index.php/Public/verify/ | NOTIC: [8] Undefined variable: post CommonAction.class.php ç¬¬ 152 è¡Œ.
[ 2014-10-13T10:43:33+08:00 ] /ak911/index.php/Public/verify/ | NOTIC: [2] Invalid argument supplied for foreach() CommonAction.class.php ç¬¬ 152 è¡Œ.
[ 2014-10-13T10:43:33+08:00 ] /ak911/index.php/Public/verify/ | NOTIC: [8192] Function eregi() is deprecated CommonAction.class.php ç¬¬ 160 è¡Œ.
[ 2014-10-13T10:43:33+08:00 ] /ak911/index.php/Public/verify/ | NOTIC: [2] eregi() expects parameter 2 to be string, array given CommonAction.class.php ç¬¬ 160 è¡Œ.
[ 2014-10-13T10:43:33+08:00 ] /ak911/index.php/Public/login | INFO: Tag[ route_check ] --START--
[ 2014-10-13T10:43:33+08:00 ] /ak911/index.php/Public/login | INFO: Run CheckRoute Behavior [ RunTime:0.001014s ]
[ 2014-10-13T10:43:33+08:00 ] /ak911/index.php/Public/login | INFO: Tag[ route_check ] --END-- [ RunTime:0.001142s ]
[ 2014-10-13T10:43:33+08:00 ] /ak911/index.php/Public/login | INFO: Tag[ app_begin ] --START--
[ 2014-10-13T10:43:33+08:00 ] /ak911/index.php/Public/login | INFO: Run ReadHtmlCache Behavior [ RunTime:0.000933s ]
[ 2014-10-13T10:43:33+08:00 ] /ak911/index.php/Public/login | INFO: Tag[ app_begin ] --END-- [ RunTime:0.001066s ]
[ 2014-10-13T10:43:33+08:00 ] /ak911/index.php/Public/login | NOTIC: [8] Undefined variable: post CommonAction.class.php ç¬¬ 152 è¡Œ.
[ 2014-10-13T10:43:33+08:00 ] /ak911/index.php/Public/login | NOTIC: [2] Invalid argument supplied for foreach() CommonAction.class.php ç¬¬ 152 è¡Œ.
[ 2014-10-13T10:43:33+08:00 ] /ak911/index.php/Public/login | NOTIC: [8192] Function eregi() is deprecated CommonAction.class.php ç¬¬ 160 è¡Œ.
[ 2014-10-13T10:43:33+08:00 ] /ak911/index.php/Public/login | NOTIC: [2] eregi() expects parameter 2 to be string, array given CommonAction.class.php ç¬¬ 160 è¡Œ.
[ 2014-10-13T10:43:33+08:00 ] /ak911/index.php/Public/login | INFO: Tag[ view_template ] --START--
[ 2014-10-13T10:43:33+08:00 ] /ak911/index.php/Public/login | INFO: Run LocationTemplate Behavior [ RunTime:0.000680s ]
[ 2014-10-13T10:43:33+08:00 ] /ak911/index.php/Public/login | INFO: Tag[ view_template ] --END-- [ RunTime:0.000777s ]
[ 2014-10-13T10:43:33+08:00 ] /ak911/index.php/Public/login | INFO: Tag[ view_parse ] --START--
[ 2014-10-13T10:43:33+08:00 ] /ak911/index.php/Public/login | INFO: Run ParseTemplate Behavior [ RunTime:0.008685s ]
[ 2014-10-13T10:43:33+08:00 ] /ak911/index.php/Public/login | INFO: Tag[ view_parse ] --END-- [ RunTime:0.008816s ]
[ 2014-10-13T10:43:33+08:00 ] /ak911/index.php/Public/login | INFO: Tag[ view_filter ] --START--
[ 2014-10-13T10:43:33+08:00 ] /ak911/index.php/Public/login | INFO: Run ContentReplace Behavior [ RunTime:0.000854s ]
[ 2014-10-13T10:43:33+08:00 ] /ak911/index.php/Public/login | INFO: Run TokenBuild Behavior [ RunTime:0.000882s ]
[ 2014-10-13T10:43:33+08:00 ] /ak911/index.php/Public/login | INFO: Run WriteHtmlCache Behavior [ RunTime:0.000532s ]
[ 2014-10-13T10:43:33+08:00 ] /ak911/index.php/Public/login | INFO: Run ShowRuntime Behavior [ RunTime:0.001145s ]
[ 2014-10-13T10:43:33+08:00 ] /ak911/index.php/Public/login | INFO: Tag[ view_filter ] --END-- [ RunTime:0.003774s ]
[ 2014-10-13T10:43:33+08:00 ] /ak911/index.php/Public/login | INFO: Tag[ view_end ] --START--
[ 2014-10-13T10:43:33+08:00 ] /ak911/index.php/Public/login | INFO: Run ShowPageTrace Behavior [ RunTime:0.000784s ]
[ 2014-10-13T10:43:33+08:00 ] /ak911/index.php/Public/login | INFO: Tag[ view_end ] --END-- [ RunTime:0.000916s ]
[ 2014-10-13T10:43:37+08:00 ] /ak911/index.php | INFO: Tag[ app_begin ] --START--
[ 2014-10-13T10:43:37+08:00 ] /ak911/index.php | INFO: Run ReadHtmlCache Behavior [ RunTime:0.000705s ]
[ 2014-10-13T10:43:37+08:00 ] /ak911/index.php | INFO: Tag[ app_begin ] --END-- [ RunTime:0.000796s ]
[ 2014-10-13T10:43:37+08:00 ] /ak911/index.php | NOTIC: [8] Undefined variable: post CommonAction.class.php ç¬¬ 152 è¡Œ.
[ 2014-10-13T10:43:37+08:00 ] /ak911/index.php | NOTIC: [2] Invalid argument supplied for foreach() CommonAction.class.php ç¬¬ 152 è¡Œ.
[ 2014-10-13T10:43:37+08:00 ] /ak911/index.php | NOTIC: [8] Undefined variable: get CommonAction.class.php ç¬¬ 159 è¡Œ.
[ 2014-10-13T10:43:37+08:00 ] /ak911/index.php | NOTIC: [2] Invalid argument supplied for foreach() CommonAction.class.php ç¬¬ 159 è¡Œ.
[ 2014-10-13T10:43:37+08:00 ] /ak911/index.php | NOTIC: [2048] mktime() [<a href='function.mktime'>function.mktime</a>]: You should be using the time() function instead CommonAction.class.php ç¬¬ 105 è¡Œ.
[ 2014-10-13T10:43:37+08:00 ] /ak911/index.php | NOTIC: [2048] mktime() [<a href='function.mktime'>function.mktime</a>]: You should be using the time() function instead CommonAction.class.php ç¬¬ 110 è¡Œ.
[ 2014-10-13T10:43:37+08:00 ] /ak911/index.php | SQL: SHOW COLUMNS FROM `xt_fck` [ RunTime:0.010433s ]
[ 2014-10-13T10:43:37+08:00 ] /ak911/index.php | SQL: SELECT `user_id`,`password`,`user_type` FROM `xt_fck` WHERE ( `id` = '1' ) AND ( `user_id` = '100000' ) LIMIT 1   [ RunTime:0.000432s ]
[ 2014-10-13T10:43:37+08:00 ] /ak911/index.php | SQL: SHOW COLUMNS FROM `xt_fee` [ RunTime:0.006615s ]
[ 2014-10-13T10:43:37+08:00 ] /ak911/index.php | SQL: SELECT `i3` FROM `xt_fee` WHERE ( `id` = 1 ) LIMIT 1   [ RunTime:0.024729s ]
[ 2014-10-13T10:43:37+08:00 ] /ak911/index.php | NOTIC: [8] Undefined index: user_type CommonAction.class.php ç¬¬ 81 è¡Œ.
[ 2014-10-13T10:43:37+08:00 ] /ak911/index.php | SQL: SHOW COLUMNS FROM `xt_fck` [ RunTime:0.009067s ]
[ 2014-10-13T10:43:37+08:00 ] /ak911/index.php | SQL: SELECT * FROM `xt_fck` WHERE ( `id` = '1' ) LIMIT 1   [ RunTime:0.000900s ]
[ 2014-10-13T10:43:37+08:00 ] /ak911/index.php | SQL: SELECT * FROM `xt_fee` WHERE ( `id` = 1 ) LIMIT 1   [ RunTime:0.000320s ]
[ 2014-10-13T10:43:37+08:00 ] /ak911/index.php | SQL: UPDATE `xt_fck` SET `day_feng`=0,_times=1413129600 WHERE _times !=1413129600 [ RunTime:0.000385s ]
[ 2014-10-13T10:43:37+08:00 ] /ak911/index.php | NOTIC: [2] mysql_num_rows() expects parameter 1 to be resource, boolean given DbMysql.class.php ç¬¬ 132 è¡Œ.
[ 2014-10-13T10:43:37+08:00 ] /ak911/index.php | NOTIC: [2] mysql_free_result() expects parameter 1 to be resource, boolean given DbMysql.class.php ç¬¬ 97 è¡Œ.
[ 2014-10-13T10:43:37+08:00 ] /ak911/index.php | SQL: SHOW COLUMNS FROM `xt_bonus` [ RunTime:0.022023s ]
[ 2014-10-13T10:43:37+08:00 ] /ak911/index.php | NOTIC: [2] trim() expects parameter 1 to be string, array given Db.class.php ç¬¬ 549 è¡Œ.
[ 2014-10-13T10:43:37+08:00 ] /ak911/index.php | SQL: SELECT SUM(b1) AS tp_sum FROM `xt_bonus` WHERE ( `uid` = '1' ) AND ( (`e_date` > 1413129600) AND (`e_date` < 1413216000)  ) LIMIT 1   [ RunTime:0.000421s ]
[ 2014-10-13T10:43:37+08:00 ] /ak911/index.php | NOTIC: [2] trim() expects parameter 1 to be string, array given Db.class.php ç¬¬ 549 è¡Œ.
[ 2014-10-13T10:43:37+08:00 ] /ak911/index.php | SQL: SELECT SUM(b2) AS tp_sum FROM `xt_bonus` WHERE ( `uid` = '1' ) AND ( (`e_date` > 1413129600) AND (`e_date` < 1413216000)  ) LIMIT 1   [ RunTime:0.000246s ]
[ 2014-10-13T10:43:37+08:00 ] /ak911/index.php | NOTIC: [2] trim() expects parameter 1 to be string, array given Db.class.php ç¬¬ 549 è¡Œ.
[ 2014-10-13T10:43:37+08:00 ] /ak911/index.php | SQL: SELECT SUM(b3) AS tp_sum FROM `xt_bonus` WHERE ( `uid` = '1' ) AND ( (`e_date` > 1413129600) AND (`e_date` < 1413216000)  ) LIMIT 1   [ RunTime:0.000188s ]
[ 2014-10-13T10:43:37+08:00 ] /ak911/index.php | NOTIC: [2] trim() expects parameter 1 to be string, array given Db.class.php ç¬¬ 549 è¡Œ.
[ 2014-10-13T10:43:37+08:00 ] /ak911/index.php | SQL: SELECT SUM(b4) AS tp_sum FROM `xt_bonus` WHERE ( `uid` = '1' ) AND ( (`e_date` > 1413129600) AND (`e_date` < 1413216000)  ) LIMIT 1   [ RunTime:0.000216s ]
[ 2014-10-13T10:43:37+08:00 ] /ak911/index.php | NOTIC: [2] trim() expects parameter 1 to be string, array given Db.class.php ç¬¬ 549 è¡Œ.
[ 2014-10-13T10:43:37+08:00 ] /ak911/index.php | SQL: SELECT SUM(b5) AS tp_sum FROM `xt_bonus` WHERE ( `uid` = '1' ) AND ( (`e_date` > 1413129600) AND (`e_date` < 1413216000)  ) LIMIT 1   [ RunTime:0.000165s ]
[ 2014-10-13T10:43:37+08:00 ] /ak911/index.php | NOTIC: [2] trim() expects parameter 1 to be string, array given Db.class.php ç¬¬ 549 è¡Œ.
[ 2014-10-13T10:43:37+08:00 ] /ak911/index.php | SQL: SELECT SUM(b6) AS tp_sum FROM `xt_bonus` WHERE ( `uid` = '1' ) AND ( (`e_date` > 1413129600) AND (`e_date` < 1413216000)  ) LIMIT 1   [ RunTime:0.000177s ]
[ 2014-10-13T10:43:37+08:00 ] /ak911/index.php | SQL: SELECT `s2`,`i4`,`str29`,`str4`,`str5`,`str1` FROM `xt_fee` LIMIT 1   [ RunTime:0.000223s ]
[ 2014-10-13T10:43:37+08:00 ] /ak911/index.php | SQL: SHOW COLUMNS FROM `xt_msg` [ RunTime:0.041697s ]
[ 2014-10-13T10:43:37+08:00 ] /ak911/index.php | SQL: SELECT COUNT(*) AS tp_count FROM `xt_msg` WHERE ( `isid` = '1' ) AND ( `s_uid` = '1' ) AND ( `is_read` = 0 ) LIMIT 1   [ RunTime:0.000304s ]
[ 2014-10-13T10:43:37+08:00 ] /ak911/index.php | SQL: SELECT `prem` FROM `xt_fck` WHERE ( `id` = '1' ) LIMIT 1   [ RunTime:0.000260s ]
[ 2014-10-13T10:43:37+08:00 ] /ak911/index.php | SQL: SELECT * FROM `xt_fee` WHERE ( `id` = 1 ) LIMIT 1   [ RunTime:0.000456s ]
[ 2014-10-13T10:43:37+08:00 ] /ak911/index.php | SQL: SELECT `s11` FROM `xt_fee` LIMIT 1   [ RunTime:0.000243s ]
[ 2014-10-13T10:43:37+08:00 ] /ak911/index.php | SQL: SHOW COLUMNS FROM `xt_fck` [ RunTime:0.009219s ]
[ 2014-10-13T10:43:37+08:00 ] /ak911/index.php | SQL: SHOW COLUMNS FROM `xt_xiaof` [ RunTime:0.023976s ]
[ 2014-10-13T10:43:37+08:00 ] /ak911/index.php | SQL: SELECT `id`,`user_id`,`agent_cf`,`re_path` FROM `xt_fck` WHERE is_pay>0 and agent_cf>=5|5|5|5|5  [ RunTime:0.000322s ]
[ 2014-10-13T10:43:37+08:00 ] /ak911/index.php | NOTIC: [2] Invalid argument supplied for foreach() IndexAction.class.php ç¬¬ 146 è¡Œ.
[ 2014-10-13T10:43:37+08:00 ] /ak911/index.php | INFO: Tag[ view_template ] --START--
[ 2014-10-13T10:43:37+08:00 ] /ak911/index.php | INFO: Run LocationTemplate Behavior [ RunTime:0.000784s ]
[ 2014-10-13T10:43:37+08:00 ] /ak911/index.php | INFO: Tag[ view_template ] --END-- [ RunTime:0.000858s ]
[ 2014-10-13T10:43:37+08:00 ] /ak911/index.php | INFO: Tag[ view_parse ] --START--
[ 2014-10-13T10:43:37+08:00 ] /ak911/index.php | INFO: Run ParseTemplate Behavior [ RunTime:0.031420s ]
[ 2014-10-13T10:43:37+08:00 ] /ak911/index.php | INFO: Tag[ view_parse ] --END-- [ RunTime:0.031506s ]
[ 2014-10-13T10:43:37+08:00 ] /ak911/index.php | INFO: Tag[ view_filter ] --START--
[ 2014-10-13T10:43:37+08:00 ] /ak911/index.php | INFO: Run ContentReplace Behavior [ RunTime:0.000547s ]
[ 2014-10-13T10:43:37+08:00 ] /ak911/index.php | INFO: Run TokenBuild Behavior [ RunTime:0.000547s ]
[ 2014-10-13T10:43:37+08:00 ] /ak911/index.php | INFO: Run WriteHtmlCache Behavior [ RunTime:0.000348s ]
[ 2014-10-13T10:43:37+08:00 ] /ak911/index.php | INFO: Run ShowRuntime Behavior [ RunTime:0.000538s ]
[ 2014-10-13T10:43:37+08:00 ] /ak911/index.php | INFO: Tag[ view_filter ] --END-- [ RunTime:0.002177s ]
[ 2014-10-13T10:43:37+08:00 ] /ak911/index.php | INFO: Tag[ view_end ] --START--
[ 2014-10-13T10:43:37+08:00 ] /ak911/index.php | INFO: Run ShowPageTrace Behavior [ RunTime:0.000457s ]
[ 2014-10-13T10:43:37+08:00 ] /ak911/index.php | INFO: Tag[ view_end ] --END-- [ RunTime:0.000525s ]
[ 2014-10-13T10:43:37+08:00 ] /ak911/index.php/Public/News/ | INFO: Tag[ route_check ] --START--
[ 2014-10-13T10:43:37+08:00 ] /ak911/index.php/Public/News/ | INFO: Run CheckRoute Behavior [ RunTime:0.001155s ]
[ 2014-10-13T10:43:37+08:00 ] /ak911/index.php/Public/News/ | INFO: Tag[ route_check ] --END-- [ RunTime:0.001288s ]
[ 2014-10-13T10:43:37+08:00 ] /ak911/index.php/Public/News/ | INFO: Tag[ app_begin ] --START--
[ 2014-10-13T10:43:37+08:00 ] /ak911/index.php/Public/News/ | INFO: Run ReadHtmlCache Behavior [ RunTime:0.000828s ]
[ 2014-10-13T10:43:37+08:00 ] /ak911/index.php/Public/News/ | INFO: Tag[ app_begin ] --END-- [ RunTime:0.000933s ]
[ 2014-10-13T10:43:37+08:00 ] /ak911/index.php/Public/News/ | NOTIC: [8] Undefined variable: post CommonAction.class.php ç¬¬ 152 è¡Œ.
[ 2014-10-13T10:43:37+08:00 ] /ak911/index.php/Public/News/ | NOTIC: [2] Invalid argument supplied for foreach() CommonAction.class.php ç¬¬ 152 è¡Œ.
[ 2014-10-13T10:43:37+08:00 ] /ak911/index.php/Public/News/ | NOTIC: [8192] Function eregi() is deprecated CommonAction.class.php ç¬¬ 160 è¡Œ.
[ 2014-10-13T10:43:37+08:00 ] /ak911/index.php/Public/News/ | NOTIC: [2] eregi() expects parameter 2 to be string, array given CommonAction.class.php ç¬¬ 160 è¡Œ.
[ 2014-10-13T10:43:37+08:00 ] /ak911/index.php/Public/News/ | NOTIC: [2048] mktime() [<a href='function.mktime'>function.mktime</a>]: You should be using the time() function instead CommonAction.class.php ç¬¬ 105 è¡Œ.
[ 2014-10-13T10:43:37+08:00 ] /ak911/index.php/Public/News/ | NOTIC: [2048] mktime() [<a href='function.mktime'>function.mktime</a>]: You should be using the time() function instead CommonAction.class.php ç¬¬ 110 è¡Œ.
[ 2014-10-13T10:43:37+08:00 ] /ak911/index.php/Public/News/ | SQL: SHOW COLUMNS FROM `xt_fck` [ RunTime:0.010955s ]
[ 2014-10-13T10:43:37+08:00 ] /ak911/index.php/Public/News/ | SQL: SELECT `user_id`,`password`,`user_type` FROM `xt_fck` WHERE ( `id` = '1' ) AND ( `user_id` = '100000' ) LIMIT 1   [ RunTime:0.000398s ]
[ 2014-10-13T10:43:37+08:00 ] /ak911/index.php/Public/News/ | SQL: SHOW COLUMNS FROM `xt_fee` [ RunTime:0.009106s ]
[ 2014-10-13T10:43:37+08:00 ] /ak911/index.php/Public/News/ | SQL: SELECT `i3` FROM `xt_fee` WHERE ( `id` = 1 ) LIMIT 1   [ RunTime:0.000391s ]
[ 2014-10-13T10:43:37+08:00 ] /ak911/index.php/Public/News/ | NOTIC: [8] Undefined index: user_type CommonAction.class.php ç¬¬ 81 è¡Œ.
[ 2014-10-13T10:43:37+08:00 ] /ak911/index.php/Public/News/ | NOTIC: [8] Undefined index: name PublicAction.class.php ç¬¬ 259 è¡Œ.
[ 2014-10-13T10:43:37+08:00 ] /ak911/index.php/Public/News/ | SQL: SHOW COLUMNS FROM `xt_form` [ RunTime:0.064759s ]
[ 2014-10-13T10:43:37+08:00 ] /ak911/index.php/Public/News/ | SQL: SELECT COUNT(*) AS tp_count FROM `xt_form` WHERE ( `status` = 1 ) AND ( `title` LIKE '%%' ) LIMIT 1   [ RunTime:0.045680s ]
[ 2014-10-13T10:43:37+08:00 ] /ak911/index.php/Public/News/ | SQL: SELECT * FROM `xt_form` WHERE ( `status` = 1 ) AND ( `title` LIKE '%%' ) ORDER BY baile desc,id desc LIMIT 0,20   [ RunTime:0.000978s ]
[ 2014-10-13T10:43:37+08:00 ] /ak911/index.php/Public/News/ | SQL: SHOW COLUMNS FROM `xt_msg` [ RunTime:0.007518s ]
[ 2014-10-13T10:43:37+08:00 ] /ak911/index.php/Public/News/ | SQL: SELECT COUNT(*) AS tp_count FROM `xt_msg` WHERE ( `isid` = '1' ) AND ( `s_uid` = '1' ) AND ( `is_read` = 0 ) LIMIT 1   [ RunTime:0.000359s ]
[ 2014-10-13T10:43:37+08:00 ] /ak911/index.php/Public/News/ | INFO: Tag[ view_template ] --START--
[ 2014-10-13T10:43:37+08:00 ] /ak911/index.php/Public/News/ | INFO: Run LocationTemplate Behavior [ RunTime:0.001002s ]
[ 2014-10-13T10:43:37+08:00 ] /ak911/index.php/Public/News/ | INFO: Tag[ view_template ] --END-- [ RunTime:0.001138s ]
[ 2014-10-13T10:43:37+08:00 ] /ak911/index.php/Public/News/ | INFO: Tag[ view_parse ] --START--
[ 2014-10-13T10:43:37+08:00 ] /ak911/index.php/Public/News/ | INFO: Run ParseTemplate Behavior [ RunTime:0.017342s ]
[ 2014-10-13T10:43:37+08:00 ] /ak911/index.php/Public/News/ | INFO: Tag[ view_parse ] --END-- [ RunTime:0.017526s ]
[ 2014-10-13T10:43:37+08:00 ] /ak911/index.php/Public/News/ | INFO: Tag[ view_filter ] --START--
[ 2014-10-13T10:43:37+08:00 ] /ak911/index.php/Public/News/ | INFO: Run ContentReplace Behavior [ RunTime:0.000696s ]
[ 2014-10-13T10:43:37+08:00 ] /ak911/index.php/Public/News/ | INFO: Run TokenBuild Behavior [ RunTime:0.000550s ]
[ 2014-10-13T10:43:37+08:00 ] /ak911/index.php/Public/News/ | INFO: Run WriteHtmlCache Behavior [ RunTime:0.000371s ]
[ 2014-10-13T10:43:37+08:00 ] /ak911/index.php/Public/News/ | INFO: Run ShowRuntime Behavior [ RunTime:0.000701s ]
[ 2014-10-13T10:43:37+08:00 ] /ak911/index.php/Public/News/ | INFO: Tag[ view_filter ] --END-- [ RunTime:0.002615s ]
[ 2014-10-13T10:43:37+08:00 ] /ak911/index.php/Public/News/ | INFO: Tag[ view_end ] --START--
[ 2014-10-13T10:43:37+08:00 ] /ak911/index.php/Public/News/ | INFO: Run ShowPageTrace Behavior [ RunTime:0.000792s ]
[ 2014-10-13T10:43:37+08:00 ] /ak911/index.php/Public/News/ | INFO: Tag[ view_end ] --END-- [ RunTime:0.000921s ]
[ 2014-10-13T10:43:38+08:00 ] /ak911/index.php/Public/News/ | INFO: Tag[ route_check ] --START--
[ 2014-10-13T10:43:38+08:00 ] /ak911/index.php/Public/News/ | INFO: Run CheckRoute Behavior [ RunTime:0.000731s ]
[ 2014-10-13T10:43:38+08:00 ] /ak911/index.php/Public/News/ | INFO: Tag[ route_check ] --END-- [ RunTime:0.000821s ]
[ 2014-10-13T10:43:38+08:00 ] /ak911/index.php/Public/News/ | INFO: Tag[ app_begin ] --START--
[ 2014-10-13T10:43:38+08:00 ] /ak911/index.php/Public/News/ | INFO: Run ReadHtmlCache Behavior [ RunTime:0.000788s ]
[ 2014-10-13T10:43:38+08:00 ] /ak911/index.php/Public/News/ | INFO: Tag[ app_begin ] --END-- [ RunTime:0.000873s ]
[ 2014-10-13T10:43:38+08:00 ] /ak911/index.php/Public/News/ | NOTIC: [8] Undefined variable: post CommonAction.class.php ç¬¬ 152 è¡Œ.
[ 2014-10-13T10:43:38+08:00 ] /ak911/index.php/Public/News/ | NOTIC: [2] Invalid argument supplied for foreach() CommonAction.class.php ç¬¬ 152 è¡Œ.
[ 2014-10-13T10:43:38+08:00 ] /ak911/index.php/Public/News/ | NOTIC: [8192] Function eregi() is deprecated CommonAction.class.php ç¬¬ 160 è¡Œ.
[ 2014-10-13T10:43:38+08:00 ] /ak911/index.php/Public/News/ | NOTIC: [2] eregi() expects parameter 2 to be string, array given CommonAction.class.php ç¬¬ 160 è¡Œ.
[ 2014-10-13T10:43:38+08:00 ] /ak911/index.php/Public/News/ | NOTIC: [2048] mktime() [<a href='function.mktime'>function.mktime</a>]: You should be using the time() function instead CommonAction.class.php ç¬¬ 105 è¡Œ.
[ 2014-10-13T10:43:38+08:00 ] /ak911/index.php/Public/News/ | NOTIC: [2048] mktime() [<a href='function.mktime'>function.mktime</a>]: You should be using the time() function instead CommonAction.class.php ç¬¬ 110 è¡Œ.
[ 2014-10-13T10:43:38+08:00 ] /ak911/index.php/Public/News/ | SQL: SHOW COLUMNS FROM `xt_fck` [ RunTime:0.009099s ]
[ 2014-10-13T10:43:38+08:00 ] /ak911/index.php/Public/News/ | SQL: SELECT `user_id`,`password`,`user_type` FROM `xt_fck` WHERE ( `id` = '1' ) AND ( `user_id` = '100000' ) LIMIT 1   [ RunTime:0.000410s ]
[ 2014-10-13T10:43:38+08:00 ] /ak911/index.php/Public/News/ | SQL: SHOW COLUMNS FROM `xt_fee` [ RunTime:0.007682s ]
[ 2014-10-13T10:43:38+08:00 ] /ak911/index.php/Public/News/ | SQL: SELECT `i3` FROM `xt_fee` WHERE ( `id` = 1 ) LIMIT 1   [ RunTime:0.000368s ]
[ 2014-10-13T10:43:38+08:00 ] /ak911/index.php/Public/News/ | NOTIC: [8] Undefined index: user_type CommonAction.class.php ç¬¬ 81 è¡Œ.
[ 2014-10-13T10:43:38+08:00 ] /ak911/index.php/Public/News/ | NOTIC: [8] Undefined index: name PublicAction.class.php ç¬¬ 259 è¡Œ.
[ 2014-10-13T10:43:38+08:00 ] /ak911/index.php/Public/News/ | SQL: SHOW COLUMNS FROM `xt_form` [ RunTime:0.004771s ]
[ 2014-10-13T10:43:38+08:00 ] /ak911/index.php/Public/News/ | SQL: SELECT COUNT(*) AS tp_count FROM `xt_form` WHERE ( `status` = 1 ) AND ( `title` LIKE '%%' ) LIMIT 1   [ RunTime:0.000303s ]
[ 2014-10-13T10:43:38+08:00 ] /ak911/index.php/Public/News/ | SQL: SELECT * FROM `xt_form` WHERE ( `status` = 1 ) AND ( `title` LIKE '%%' ) ORDER BY baile desc,id desc LIMIT 0,20   [ RunTime:0.000432s ]
[ 2014-10-13T10:43:38+08:00 ] /ak911/index.php/Public/News/ | SQL: SHOW COLUMNS FROM `xt_msg` [ RunTime:0.004776s ]
[ 2014-10-13T10:43:38+08:00 ] /ak911/index.php/Public/News/ | SQL: SELECT COUNT(*) AS tp_count FROM `xt_msg` WHERE ( `isid` = '1' ) AND ( `s_uid` = '1' ) AND ( `is_read` = 0 ) LIMIT 1   [ RunTime:0.000219s ]
[ 2014-10-13T10:43:38+08:00 ] /ak911/index.php/Public/News/ | INFO: Tag[ view_template ] --START--
[ 2014-10-13T10:43:38+08:00 ] /ak911/index.php/Public/News/ | INFO: Run LocationTemplate Behavior [ RunTime:0.000576s ]
[ 2014-10-13T10:43:38+08:00 ] /ak911/index.php/Public/News/ | INFO: Tag[ view_template ] --END-- [ RunTime:0.000652s ]
[ 2014-10-13T10:43:38+08:00 ] /ak911/index.php/Public/News/ | INFO: Tag[ view_parse ] --START--
[ 2014-10-13T10:43:38+08:00 ] /ak911/index.php/Public/News/ | INFO: Run ParseTemplate Behavior [ RunTime:0.011995s ]
[ 2014-10-13T10:43:38+08:00 ] /ak911/index.php/Public/News/ | INFO: Tag[ view_parse ] --END-- [ RunTime:0.012086s ]
[ 2014-10-13T10:43:38+08:00 ] /ak911/index.php/Public/News/ | INFO: Tag[ view_filter ] --START--
[ 2014-10-13T10:43:38+08:00 ] /ak911/index.php/Public/News/ | INFO: Run ContentReplace Behavior [ RunTime:0.000483s ]
[ 2014-10-13T10:43:38+08:00 ] /ak911/index.php/Public/News/ | INFO: Run TokenBuild Behavior [ RunTime:0.000458s ]
[ 2014-10-13T10:43:38+08:00 ] /ak911/index.php/Public/News/ | INFO: Run WriteHtmlCache Behavior [ RunTime:0.000363s ]
[ 2014-10-13T10:43:38+08:00 ] /ak911/index.php/Public/News/ | INFO: Run ShowRuntime Behavior [ RunTime:0.000527s ]
[ 2014-10-13T10:43:38+08:00 ] /ak911/index.php/Public/News/ | INFO: Tag[ view_filter ] --END-- [ RunTime:0.002025s ]
[ 2014-10-13T10:43:38+08:00 ] /ak911/index.php/Public/News/ | INFO: Tag[ view_end ] --START--
[ 2014-10-13T10:43:38+08:00 ] /ak911/index.php/Public/News/ | INFO: Run ShowPageTrace Behavior [ RunTime:0.000474s ]
[ 2014-10-13T10:43:38+08:00 ] /ak911/index.php/Public/News/ | INFO: Tag[ view_end ] --END-- [ RunTime:0.000542s ]
[ 2014-10-13T10:43:39+08:00 ] /ak911/index.php/Fck/users | INFO: Tag[ route_check ] --START--
[ 2014-10-13T10:43:39+08:00 ] /ak911/index.php/Fck/users | INFO: Run CheckRoute Behavior [ RunTime:0.000941s ]
[ 2014-10-13T10:43:39+08:00 ] /ak911/index.php/Fck/users | INFO: Tag[ route_check ] --END-- [ RunTime:0.001042s ]
[ 2014-10-13T10:43:39+08:00 ] /ak911/index.php/Fck/users | INFO: Tag[ app_begin ] --START--
[ 2014-10-13T10:43:39+08:00 ] /ak911/index.php/Fck/users | INFO: Run ReadHtmlCache Behavior [ RunTime:0.000699s ]
[ 2014-10-13T10:43:39+08:00 ] /ak911/index.php/Fck/users | INFO: Tag[ app_begin ] --END-- [ RunTime:0.000782s ]
[ 2014-10-13T10:43:39+08:00 ] /ak911/index.php/Fck/users | NOTIC: [2048] mktime() [<a href='function.mktime'>function.mktime</a>]: You should be using the time() function instead CommonAction.class.php ç¬¬ 105 è¡Œ.
[ 2014-10-13T10:43:39+08:00 ] /ak911/index.php/Fck/users | NOTIC: [2048] mktime() [<a href='function.mktime'>function.mktime</a>]: You should be using the time() function instead CommonAction.class.php ç¬¬ 110 è¡Œ.
[ 2014-10-13T10:43:39+08:00 ] /ak911/index.php/Fck/users | SQL: SHOW COLUMNS FROM `xt_fck` [ RunTime:0.009235s ]
[ 2014-10-13T10:43:39+08:00 ] /ak911/index.php/Fck/users | SQL: SELECT `user_id`,`password`,`user_type` FROM `xt_fck` WHERE ( `id` = '1' ) AND ( `user_id` = '100000' ) LIMIT 1   [ RunTime:0.000363s ]
[ 2014-10-13T10:43:39+08:00 ] /ak911/index.php/Fck/users | SQL: SHOW COLUMNS FROM `xt_fee` [ RunTime:0.007840s ]
[ 2014-10-13T10:43:39+08:00 ] /ak911/index.php/Fck/users | SQL: SELECT `i3` FROM `xt_fee` WHERE ( `id` = 1 ) LIMIT 1   [ RunTime:0.000438s ]
[ 2014-10-13T10:43:39+08:00 ] /ak911/index.php/Fck/users | NOTIC: [8] Undefined index: user_type CommonAction.class.php ç¬¬ 81 è¡Œ.
[ 2014-10-13T10:43:39+08:00 ] /ak911/index.php/Fck/users | NOTIC: [8] Undefined index: RID FckAction.class.php ç¬¬ 1381 è¡Œ.
[ 2014-10-13T10:43:39+08:00 ] /ak911/index.php/Fck/users | NOTIC: [8] Undefined index: FID FckAction.class.php ç¬¬ 1382 è¡Œ.
[ 2014-10-13T10:43:39+08:00 ] /ak911/index.php/Fck/users | NOTIC: [8] Undefined index: TPL FckAction.class.php ç¬¬ 1383 è¡Œ.
[ 2014-10-13T10:43:39+08:00 ] /ak911/index.php/Fck/users | SQL: SELECT `user_id`,`is_agent`,`agent_cash` FROM `xt_fck` WHERE ( `id` = '1' ) LIMIT 1   [ RunTime:0.000315s ]
[ 2014-10-13T10:43:39+08:00 ] /ak911/index.php/Fck/users | SQL: SELECT `user_id`,`is_agent` FROM `xt_fck` WHERE ( `id` = 0 ) LIMIT 1   [ RunTime:0.000180s ]
[ 2014-10-13T10:43:39+08:00 ] /ak911/index.php/Fck/users | SQL: SELECT `user_id`,`is_agent` FROM `xt_fck` WHERE ( `id` = 0 ) LIMIT 1   [ RunTime:0.000130s ]
[ 2014-10-13T10:43:39+08:00 ] /ak911/index.php/Fck/users | SQL: SELECT `ID` FROM `xt_fck` WHERE ( `UserID` = '851245' ) LIMIT 1   [ RunTime:0.000106s ]
[ 2014-10-13T10:43:39+08:00 ] /ak911/index.php/Fck/users | SQL: SELECT `ID` FROM `xt_fck` WHERE ( `UserID` = '987283' ) LIMIT 1   [ RunTime:0.000098s ]
[ 2014-10-13T10:43:39+08:00 ] /ak911/index.php/Fck/users | SQL: SELECT `ID` FROM `xt_fck` WHERE ( `UserID` = '726385' ) LIMIT 1   [ RunTime:0.000095s ]
[ 2014-10-13T10:43:39+08:00 ] /ak911/index.php/Fck/users | SQL: SELECT `ID` FROM `xt_fck` WHERE ( `UserID` = '680709' ) LIMIT 1   [ RunTime:0.000097s ]
[ 2014-10-13T10:43:39+08:00 ] /ak911/index.php/Fck/users | SQL: SELECT `ID` FROM `xt_fck` WHERE ( `UserID` = '750500' ) LIMIT 1   [ RunTime:0.000099s ]
[ 2014-10-13T10:43:39+08:00 ] /ak911/index.php/Fck/users | SQL: SELECT `ID` FROM `xt_fck` WHERE ( `UserID` = '637368' ) LIMIT 1   [ RunTime:0.000090s ]
[ 2014-10-13T10:43:39+08:00 ] /ak911/index.php/Fck/users | SQL: SELECT `ID` FROM `xt_fck` WHERE ( `UserID` = '891949' ) LIMIT 1   [ RunTime:0.000094s ]
[ 2014-10-13T10:43:39+08:00 ] /ak911/index.php/Fck/users | SQL: SELECT `ID` FROM `xt_fck` WHERE ( `UserID` = '108432' ) LIMIT 1   [ RunTime:0.000107s ]
[ 2014-10-13T10:43:39+08:00 ] /ak911/index.php/Fck/users | SQL: SELECT `ID` FROM `xt_fck` WHERE ( `UserID` = '528466' ) LIMIT 1   [ RunTime:0.000091s ]
[ 2014-10-13T10:43:39+08:00 ] /ak911/index.php/Fck/users | SQL: SELECT `ID` FROM `xt_fck` WHERE ( `UserID` = '566946' ) LIMIT 1   [ RunTime:0.000096s ]
[ 2014-10-13T10:43:40+08:00 ] /ak911/index.php/Fck/users | SQL: SHOW COLUMNS FROM `xt_product` [ RunTime:0.060826s ]
[ 2014-10-13T10:43:40+08:00 ] /ak911/index.php/Fck/users | SQL: SELECT * FROM `xt_product`  [ RunTime:0.000399s ]
[ 2014-10-13T10:43:40+08:00 ] /ak911/index.php/Fck/users | SQL: SELECT `s2`,`s9`,`i4`,`str29`,`str99` FROM `xt_fee` LIMIT 1   [ RunTime:0.000356s ]
[ 2014-10-13T10:43:40+08:00 ] /ak911/index.php/Fck/users | NOTIC: [8] Undefined variable: Level FckAction.class.php ç¬¬ 1483 è¡Œ.
[ 2014-10-13T10:43:40+08:00 ] /ak911/index.php/Fck/users | INFO: Tag[ view_template ] --START--
[ 2014-10-13T10:43:40+08:00 ] /ak911/index.php/Fck/users | INFO: Run LocationTemplate Behavior [ RunTime:0.001767s ]
[ 2014-10-13T10:43:40+08:00 ] /ak911/index.php/Fck/users | INFO: Tag[ view_template ] --END-- [ RunTime:0.001968s ]
[ 2014-10-13T10:43:40+08:00 ] /ak911/index.php/Fck/users | INFO: Tag[ view_parse ] --START--
[ 2014-10-13T10:43:40+08:00 ] /ak911/index.php/Fck/users | INFO: Run ParseTemplate Behavior [ RunTime:0.030178s ]
[ 2014-10-13T10:43:40+08:00 ] /ak911/index.php/Fck/users | INFO: Tag[ view_parse ] --END-- [ RunTime:0.030343s ]
[ 2014-10-13T10:43:40+08:00 ] /ak911/index.php/Fck/users | INFO: Tag[ view_filter ] --START--
[ 2014-10-13T10:43:40+08:00 ] /ak911/index.php/Fck/users | INFO: Run ContentReplace Behavior [ RunTime:0.000760s ]
[ 2014-10-13T10:43:40+08:00 ] /ak911/index.php/Fck/users | INFO: Run TokenBuild Behavior [ RunTime:0.000777s ]
[ 2014-10-13T10:43:40+08:00 ] /ak911/index.php/Fck/users | INFO: Run WriteHtmlCache Behavior [ RunTime:0.000451s ]
[ 2014-10-13T10:43:40+08:00 ] /ak911/index.php/Fck/users | INFO: Run ShowRuntime Behavior [ RunTime:0.000634s ]
[ 2014-10-13T10:43:40+08:00 ] /ak911/index.php/Fck/users | INFO: Tag[ view_filter ] --END-- [ RunTime:0.002865s ]
[ 2014-10-13T10:43:40+08:00 ] /ak911/index.php/Fck/users | INFO: Tag[ view_end ] --START--
[ 2014-10-13T10:43:40+08:00 ] /ak911/index.php/Fck/users | INFO: Run ShowPageTrace Behavior [ RunTime:0.000571s ]
[ 2014-10-13T10:43:40+08:00 ] /ak911/index.php/Fck/users | INFO: Tag[ view_end ] --END-- [ RunTime:0.000644s ]
[ 2014-10-13T10:43:40+08:00 ] /ak911/index.php/Fck/users | INFO: Tag[ route_check ] --START--
[ 2014-10-13T10:43:40+08:00 ] /ak911/index.php/Fck/users | INFO: Run CheckRoute Behavior [ RunTime:0.000894s ]
[ 2014-10-13T10:43:40+08:00 ] /ak911/index.php/Fck/users | INFO: Tag[ route_check ] --END-- [ RunTime:0.000987s ]
[ 2014-10-13T10:43:40+08:00 ] /ak911/index.php/Fck/users | INFO: Tag[ app_begin ] --START--
[ 2014-10-13T10:43:40+08:00 ] /ak911/index.php/Fck/users | INFO: Run ReadHtmlCache Behavior [ RunTime:0.000639s ]
[ 2014-10-13T10:43:40+08:00 ] /ak911/index.php/Fck/users | INFO: Tag[ app_begin ] --END-- [ RunTime:0.000719s ]
[ 2014-10-13T10:43:40+08:00 ] /ak911/index.php/Fck/users | NOTIC: [2048] mktime() [<a href='function.mktime'>function.mktime</a>]: You should be using the time() function instead CommonAction.class.php ç¬¬ 105 è¡Œ.
[ 2014-10-13T10:43:40+08:00 ] /ak911/index.php/Fck/users | NOTIC: [2048] mktime() [<a href='function.mktime'>function.mktime</a>]: You should be using the time() function instead CommonAction.class.php ç¬¬ 110 è¡Œ.
[ 2014-10-13T10:43:40+08:00 ] /ak911/index.php/Fck/users | SQL: SHOW COLUMNS FROM `xt_fck` [ RunTime:0.022726s ]
[ 2014-10-13T10:43:40+08:00 ] /ak911/index.php/Fck/users | SQL: SELECT `user_id`,`password`,`user_type` FROM `xt_fck` WHERE ( `id` = '1' ) AND ( `user_id` = '100000' ) LIMIT 1   [ RunTime:0.000502s ]
[ 2014-10-13T10:43:40+08:00 ] /ak911/index.php/Fck/users | SQL: SHOW COLUMNS FROM `xt_fee` [ RunTime:0.006188s ]
[ 2014-10-13T10:43:40+08:00 ] /ak911/index.php/Fck/users | SQL: SELECT `i3` FROM `xt_fee` WHERE ( `id` = 1 ) LIMIT 1   [ RunTime:0.000321s ]
[ 2014-10-13T10:43:40+08:00 ] /ak911/index.php/Fck/users | NOTIC: [8] Undefined index: user_type CommonAction.class.php ç¬¬ 81 è¡Œ.
[ 2014-10-13T10:43:40+08:00 ] /ak911/index.php/Fck/users | NOTIC: [8] Undefined index: RID FckAction.class.php ç¬¬ 1381 è¡Œ.
[ 2014-10-13T10:43:40+08:00 ] /ak911/index.php/Fck/users | NOTIC: [8] Undefined index: FID FckAction.class.php ç¬¬ 1382 è¡Œ.
[ 2014-10-13T10:43:40+08:00 ] /ak911/index.php/Fck/users | NOTIC: [8] Undefined index: TPL FckAction.class.php ç¬¬ 1383 è¡Œ.
[ 2014-10-13T10:43:40+08:00 ] /ak911/index.php/Fck/users | SQL: SELECT `user_id`,`is_agent`,`agent_cash` FROM `xt_fck` WHERE ( `id` = '1' ) LIMIT 1   [ RunTime:0.002700s ]
[ 2014-10-13T10:43:40+08:00 ] /ak911/index.php/Fck/users | SQL: SELECT `user_id`,`is_agent` FROM `xt_fck` WHERE ( `id` = 0 ) LIMIT 1   [ RunTime:0.000474s ]
[ 2014-10-13T10:43:40+08:00 ] /ak911/index.php/Fck/users | SQL: SELECT `user_id`,`is_agent` FROM `xt_fck` WHERE ( `id` = 0 ) LIMIT 1   [ RunTime:0.000495s ]
[ 2014-10-13T10:43:40+08:00 ] /ak911/index.php/Fck/users | SQL: SELECT `ID` FROM `xt_fck` WHERE ( `UserID` = '922161' ) LIMIT 1   [ RunTime:0.000228s ]
[ 2014-10-13T10:43:40+08:00 ] /ak911/index.php/Fck/users | SQL: SELECT `ID` FROM `xt_fck` WHERE ( `UserID` = '982833' ) LIMIT 1   [ RunTime:0.000176s ]
[ 2014-10-13T10:43:40+08:00 ] /ak911/index.php/Fck/users | SQL: SELECT `ID` FROM `xt_fck` WHERE ( `UserID` = '494519' ) LIMIT 1   [ RunTime:0.000172s ]
[ 2014-10-13T10:43:40+08:00 ] /ak911/index.php/Fck/users | SQL: SELECT `ID` FROM `xt_fck` WHERE ( `UserID` = '297891' ) LIMIT 1   [ RunTime:0.000217s ]
[ 2014-10-13T10:43:40+08:00 ] /ak911/index.php/Fck/users | SQL: SELECT `ID` FROM `xt_fck` WHERE ( `UserID` = '901397' ) LIMIT 1   [ RunTime:0.000146s ]
[ 2014-10-13T10:43:40+08:00 ] /ak911/index.php/Fck/users | SQL: SELECT `ID` FROM `xt_fck` WHERE ( `UserID` = '800790' ) LIMIT 1   [ RunTime:0.000130s ]
[ 2014-10-13T10:43:40+08:00 ] /ak911/index.php/Fck/users | SQL: SELECT `ID` FROM `xt_fck` WHERE ( `UserID` = '508032' ) LIMIT 1   [ RunTime:0.000134s ]
[ 2014-10-13T10:43:40+08:00 ] /ak911/index.php/Fck/users | SQL: SELECT `ID` FROM `xt_fck` WHERE ( `UserID` = '702078' ) LIMIT 1   [ RunTime:0.000157s ]
[ 2014-10-13T10:43:40+08:00 ] /ak911/index.php/Fck/users | SQL: SELECT `ID` FROM `xt_fck` WHERE ( `UserID` = '464031' ) LIMIT 1   [ RunTime:0.000155s ]
[ 2014-10-13T10:43:40+08:00 ] /ak911/index.php/Fck/users | SQL: SELECT `ID` FROM `xt_fck` WHERE ( `UserID` = '209176' ) LIMIT 1   [ RunTime:0.000132s ]
[ 2014-10-13T10:43:40+08:00 ] /ak911/index.php/Fck/users | SQL: SHOW COLUMNS FROM `xt_product` [ RunTime:0.005157s ]
[ 2014-10-13T10:43:40+08:00 ] /ak911/index.php/Fck/users | SQL: SELECT * FROM `xt_product`  [ RunTime:0.000466s ]
[ 2014-10-13T10:43:40+08:00 ] /ak911/index.php/Fck/users | SQL: SELECT `s2`,`s9`,`i4`,`str29`,`str99` FROM `xt_fee` LIMIT 1   [ RunTime:0.000273s ]
[ 2014-10-13T10:43:40+08:00 ] /ak911/index.php/Fck/users | NOTIC: [8] Undefined variable: Level FckAction.class.php ç¬¬ 1483 è¡Œ.
[ 2014-10-13T10:43:40+08:00 ] /ak911/index.php/Fck/users | INFO: Tag[ view_template ] --START--
[ 2014-10-13T10:43:40+08:00 ] /ak911/index.php/Fck/users | INFO: Run LocationTemplate Behavior [ RunTime:0.000905s ]
[ 2014-10-13T10:43:40+08:00 ] /ak911/index.php/Fck/users | INFO: Tag[ view_template ] --END-- [ RunTime:0.000987s ]
[ 2014-10-13T10:43:40+08:00 ] /ak911/index.php/Fck/users | INFO: Tag[ view_parse ] --START--
[ 2014-10-13T10:43:40+08:00 ] /ak911/index.php/Fck/users | INFO: Run ParseTemplate Behavior [ RunTime:0.032208s ]
[ 2014-10-13T10:43:40+08:00 ] /ak911/index.php/Fck/users | INFO: Tag[ view_parse ] --END-- [ RunTime:0.032335s ]
[ 2014-10-13T10:43:40+08:00 ] /ak911/index.php/Fck/users | INFO: Tag[ view_filter ] --START--
[ 2014-10-13T10:43:40+08:00 ] /ak911/index.php/Fck/users | INFO: Run ContentReplace Behavior [ RunTime:0.000843s ]
[ 2014-10-13T10:43:40+08:00 ] /ak911/index.php/Fck/users | INFO: Run TokenBuild Behavior [ RunTime:0.001180s ]
[ 2014-10-13T10:43:40+08:00 ] /ak911/index.php/Fck/users | INFO: Run WriteHtmlCache Behavior [ RunTime:0.000566s ]
[ 2014-10-13T10:43:40+08:00 ] /ak911/index.php/Fck/users | INFO: Run ShowRuntime Behavior [ RunTime:0.000857s ]
[ 2014-10-13T10:43:40+08:00 ] /ak911/index.php/Fck/users | INFO: Tag[ view_filter ] --END-- [ RunTime:0.003795s ]
[ 2014-10-13T10:43:40+08:00 ] /ak911/index.php/Fck/users | INFO: Tag[ view_end ] --START--
[ 2014-10-13T10:43:40+08:00 ] /ak911/index.php/Fck/users | INFO: Run ShowPageTrace Behavior [ RunTime:0.000874s ]
[ 2014-10-13T10:43:40+08:00 ] /ak911/index.php/Fck/users | INFO: Tag[ view_end ] --END-- [ RunTime:0.001067s ]
