-- 32条错误语句未执行！ --
-- 错误： --
-- 清空表的:  --
DROP TABLE `xt_access`;

-- 错误： --

-- 清空表的:  --
DROP TABLE `xt_address`;

-- 错误： --

-- 清空表的:  --
DROP TABLE `xt_bonus`;

-- 错误： --

-- 清空表的:  --
DROP TABLE `xt_chongzhi`;

-- 错误： --

-- 清空表的:  --
DROP TABLE `xt_cody`;

-- 错误： --

-- 清空表的:  --
DROP TABLE `xt_cptype`;

-- 错误： --

-- 清空表的:  --
DROP TABLE `xt_fck`;

-- 错误： --

-- 清空表的:  --
DROP TABLE `xt_fck_shop`;

-- 错误： --

-- 清空表的:  --
DROP TABLE `xt_fee`;

-- 错误： --

-- 清空表的:  --
DROP TABLE `xt_fenhong`;

-- 错误： --

-- 清空表的:  --
DROP TABLE `xt_form`;

-- 错误： --

-- 清空表的:  --
DROP TABLE `xt_form_class`;

-- 错误： --

-- 清空表的:  --
DROP TABLE `xt_gouwu`;

-- 错误： --

-- 清空表的:  --
DROP TABLE `xt_gp`;

-- 错误： --

-- 清空表的:  --
DROP TABLE `xt_gp1`;

-- 错误： --

-- 清空表的:  --
DROP TABLE `xt_history`;

-- 错误： --

-- 清空表的:  --
DROP TABLE `xt_huikui`;

-- 错误： --

-- 清空表的:  --
DROP TABLE `xt_inout`;

-- 错误： --

-- 清空表的:  --
DROP TABLE `xt_jiadan`;

-- 错误： --

-- 清空表的:  --
DROP TABLE `xt_jydt`;

-- 错误： --

-- 清空表的:  --
DROP TABLE `xt_msg`;

-- 错误： --

-- 清空表的:  --
DROP TABLE `xt_news_a`;

-- 错误： --

-- 清空表的:  --
DROP TABLE `xt_news_class`;

-- 错误： --

-- 清空表的:  --
DROP TABLE `xt_peng`;

-- 错误： --

-- 清空表的:  --
DROP TABLE `xt_plan`;

-- 错误： --

-- 清空表的:  --
DROP TABLE `xt_product`;

-- 错误： --

-- 清空表的:  --
DROP TABLE `xt_promo`;

-- 错误： --

-- 清空表的:  --
DROP TABLE `xt_times`;

-- 错误： --

-- 清空表的:  --
DROP TABLE `xt_tiqu`;

-- 错误： --

-- 清空表的:  --
DROP TABLE `xt_ulevel`;

-- 错误： --

-- 清空表的:  --
DROP TABLE `xt_xiaof`;

-- 错误： --

-- 清空表的:  --
DROP TABLE `xt_zhuanj`;

