-- 30条错误语句未执行！ --
-- 错误： --
-- 表的数据: xt_cody --
INSERT INTO `xt_cody` VALUES ('1','profile');
-- 错误： --

INSERT INTO `xt_cody` VALUES ('2','password');
-- 错误： --

INSERT INTO `xt_cody` VALUES ('3','Jj_FA');
-- 错误： --

INSERT INTO `xt_cody` VALUES ('4','4');
-- 错误： --

INSERT INTO `xt_cody` VALUES ('5','5');
-- 错误： --

INSERT INTO `xt_cody` VALUES ('6','6');
-- 错误： --

INSERT INTO `xt_cody` VALUES ('7','7');
-- 错误： --

INSERT INTO `xt_cody` VALUES ('8','8');
-- 错误： --

INSERT INTO `xt_cody` VALUES ('9','9');
-- 错误： --

INSERT INTO `xt_cody` VALUES ('10','10');
-- 错误： --

INSERT INTO `xt_cody` VALUES ('11','11');
-- 错误： --

INSERT INTO `xt_cody` VALUES ('12','12');
-- 错误： --

INSERT INTO `xt_cody` VALUES ('13','13');
-- 错误： --

INSERT INTO `xt_cody` VALUES ('14','14');
-- 错误： --

INSERT INTO `xt_cody` VALUES ('15','15');
-- 错误： --

INSERT INTO `xt_cody` VALUES ('16','16');
-- 错误： --

INSERT INTO `xt_cody` VALUES ('17','17');
-- 错误： --

INSERT INTO `xt_cody` VALUES ('18','18');
-- 错误： --

INSERT INTO `xt_cody` VALUES ('19','19');
-- 错误： --

INSERT INTO `xt_cody` VALUES ('20','20');
-- 错误： --

INSERT INTO `xt_cody` VALUES ('21','21');
-- 错误： --

INSERT INTO `xt_cody` VALUES ('22','22');
-- 错误： --

INSERT INTO `xt_cody` VALUES ('23','23');
-- 错误： --

INSERT INTO `xt_cody` VALUES ('24','24');
-- 错误： --

INSERT INTO `xt_cody` VALUES ('25','25');
-- 错误： --

INSERT INTO `xt_cody` VALUES ('26','26');
-- 错误： --

INSERT INTO `xt_cody` VALUES ('27','27');
-- 错误： --

INSERT INTO `xt_cody` VALUES ('28','28');
-- 错误： --

INSERT INTO `xt_cody` VALUES ('29','29');
-- 错误： --

INSERT INTO `xt_cody` VALUES ('30','30');
